<?xml version="1.0" encoding="utf-8"?><testsuites name="pytest tests"><testsuite name="pytest" errors="0" failures="0" skipped="0" tests="12" time="1.373" timestamp="2026-07-25T15:07:07.506482+00:00" hostname="agent-env-5f177e3f-87c0-49cd-9cea-b38897ced5db"><testcase classname="tests.test_new_features" name="test_health_has_groq_and_serper_true" time="0.143" /><testcase classname="tests.test_new_features" name="test_city_photo_kyoto_wikipedia" time="0.278" /><testcase classname="tests.test_new_features" name="test_city_photo_other_city" time="0.213" /><testcase classname="tests.test_new_features" name="test_plan_streams_sse_kyoto_3day" time="0.344" /><testcase classname="tests.test_api" name="test_health_ok" time="0.005" /><testcase classname="tests.test_api" name="test_currency_convert_basic" time="0.000" /><testcase classname="tests.test_api" name="test_currency_convert_missing_rate" time="0.000" /><testcase classname="tests.test_api" name="test_optimize_route_orders_and_measures" time="0.000" /><testcase classname="tests.test_api" name="test_build_ics_valid_structure" time="0.000" /><testcase classname="tests.test_api" name="test_budget_endpoint_smoke" time="0.003" /><testcase classname="tests.test_api" name="test_currency_convert_validation_error" time="0.005" /><testcase classname="tests.test_api" name="test_optimize_route_requires_two_stops" time="0.004" /></testsuite></testsuites>