<?xml version="1.0" encoding="utf-8"?><testsuites name="pytest tests"><testsuite name="pytest" errors="0" failures="1" skipped="0" tests="4" time="0.906" timestamp="2026-07-25T15:02:27.753066+00:00" hostname="agent-env-5f177e3f-87c0-49cd-9cea-b38897ced5db"><testcase classname="tests.test_new_features" name="test_health_has_groq_and_serper_true" time="0.180" /><testcase classname="tests.test_new_features" name="test_city_photo_kyoto_wikipedia" time="0.302" /><testcase classname="tests.test_new_features" name="test_city_photo_other_city" time="0.245" /><testcase classname="tests.test_new_features" name="test_plan_streams_sse_kyoto_3day" time="0.133"><failure message="AssertionError: {&quot;detail&quot;:[{&quot;type&quot;:&quot;missing&quot;,&quot;loc&quot;:[&quot;body&quot;,&quot;city&quot;],&quot;msg&quot;:&quot;Field required&quot;,&quot;input&quot;:{&quot;destination&quot;:&quot;Kyoto&quot;,&quot;days&quot;:3,&quot;interests&quot;:[&quot;temples&quot;,&quot;food&quot;],&quot;travelers&quot;:2}}]}&#10;assert 422 == 200&#10; +  where 422 = &lt;Response [422]&gt;.status_code">tests/test_new_features.py:46: in test_plan_streams_sse_kyoto_3day
    assert r.status_code == 200, r.text[:400]
E   AssertionError: {"detail":[{"type":"missing","loc":["body","city"],"msg":"Field required","input":{"destination":"Kyoto","days":3,"interests":["temples","food"],"travelers":2}}]}
E   assert 422 == 200
E    +  where 422 = &lt;Response [422]&gt;.status_code</failure></testcase></testsuite></testsuites>