<?xml version="1.0" encoding="utf-8"?><testsuites name="pytest tests"><testsuite name="pytest" errors="0" failures="0" skipped="0" tests="10" time="2.558" timestamp="2026-07-25T18:58:24.577707+00:00" hostname="agent-env-5f177e3f-87c0-49cd-9cea-b38897ced5db"><testcase classname="backend.tests.test_share" name="test_create_share_returns_10_char_hex" time="0.234" /><testcase classname="backend.tests.test_share" name="test_get_share_returns_persisted_trip" time="0.048" /><testcase classname="backend.tests.test_share" name="test_get_share_nonexistent_returns_404" time="0.041" /><testcase classname="backend.tests.test_share" name="test_get_share_10hex_not_in_store_returns_404" time="0.055" /><testcase classname="backend.tests.test_share" name="test_get_share_invalid_regex_returns_404" time="0.044" /><testcase classname="backend.tests.test_share" name="test_share_persists_across_requests" time="0.083" /><testcase classname="backend.tests.test_share" name="test_preseeded_kyoto_share_exists" time="0.047" /><testcase classname="backend.tests.test_share" name="test_share_input_validation_empty_markdown" time="0.044" /><testcase classname="backend.tests.test_share" name="test_opengraph_image_returns_png" time="1.631" /><testcase classname="backend.tests.test_share" name="test_share_page_renders" time="0.294" /></testsuite></testsuites>